<?xml version="1.0" encoding="UTF-8"?>
<testsuites>
  <testsuite name="App\Tests\ControllerTest" file="/home/mak/Filrouge/tests/PartenaireControllerTest.php" tests="1" assertions="1" errors="0" failures="1" skipped="0" time="0.432774">
    <testcase name="testAjoutPartenaire" class="App\Tests\ControllerTest" classname="App.Tests.ControllerTest" file="/home/mak/Filrouge/tests/PartenaireControllerTest.php" line="10" assertions="1" time="0.432774">
      <failure type="PHPUnit\Framework\ExpectationFailedException">App\Tests\ControllerTest::testAjoutPartenaire
Failed asserting that 500 is identical to 201.

/home/mak/Filrouge/tests/PartenaireControllerTest.php:29
</failure>
    </testcase>
  </testsuite>
</testsuites>
