<?xml version="1.0" encoding="UTF-8"?>
<testsuites>
  <testsuite name="Project Test Suite" tests="5" assertions="5" errors="0" failures="5" skipped="0" time="1.528821">
    <testsuite name="App\Tests\ControllerTest" file="/home/mak/Filrouge/tests/PartenaireControllerTest.php" tests="3" assertions="3" errors="0" failures="3" skipped="0" time="0.648207">
      <testcase name="testAjoutPartenaire" class="App\Tests\ControllerTest" classname="App.Tests.ControllerTest" file="/home/mak/Filrouge/tests/PartenaireControllerTest.php" line="10" assertions="1" time="0.447295">
        <failure type="PHPUnit\Framework\ExpectationFailedException">App\Tests\ControllerTest::testAjoutPartenaire
Failed asserting that 500 is identical to 201.

/home/mak/Filrouge/tests/PartenaireControllerTest.php:24
</failure>
      </testcase>
      <testcase name="testAjoutCompte" class="App\Tests\ControllerTest" classname="App.Tests.ControllerTest" file="/home/mak/Filrouge/tests/PartenaireControllerTest.php" line="28" assertions="1" time="0.087724">
        <failure type="PHPUnit\Framework\ExpectationFailedException">App\Tests\ControllerTest::testAjoutCompte
Failed asserting that 500 is identical to 200.

/home/mak/Filrouge/tests/PartenaireControllerTest.php:44
</failure>
      </testcase>
      <testcase name="testAjoutDepot" class="App\Tests\ControllerTest" classname="App.Tests.ControllerTest" file="/home/mak/Filrouge/tests/PartenaireControllerTest.php" line="47" assertions="1" time="0.113188">
        <failure type="PHPUnit\Framework\ExpectationFailedException">App\Tests\ControllerTest::testAjoutDepot
Failed asserting that 500 is identical to 201.

/home/mak/Filrouge/tests/PartenaireControllerTest.php:62
</failure>
      </testcase>
    </testsuite>
    <testsuite name="App\Tests\UtilisateurControllerTest" file="/home/mak/Filrouge/tests/UtilisateurControllerTest.php" tests="2" assertions="2" errors="0" failures="2" skipped="0" time="0.880614">
      <testcase name="testNew" class="App\Tests\UtilisateurControllerTest" classname="App.Tests.UtilisateurControllerTest" file="/home/mak/Filrouge/tests/UtilisateurControllerTest.php" line="9" assertions="1" time="0.441509">
        <failure type="PHPUnit\Framework\ExpectationFailedException">App\Tests\UtilisateurControllerTest::testNew
Failed asserting that 500 is identical to 401.

/home/mak/Filrouge/tests/UtilisateurControllerTest.php:23
</failure>
      </testcase>
      <testcase name="testNewadmin" class="App\Tests\UtilisateurControllerTest" classname="App.Tests.UtilisateurControllerTest" file="/home/mak/Filrouge/tests/UtilisateurControllerTest.php" line="26" assertions="1" time="0.439105">
        <failure type="PHPUnit\Framework\ExpectationFailedException">App\Tests\UtilisateurControllerTest::testNewadmin
Failed asserting that 500 is identical to 401.

/home/mak/Filrouge/tests/UtilisateurControllerTest.php:40
</failure>
      </testcase>
    </testsuite>
  </testsuite>
</testsuites>
