<?xml version="1.0" encoding="UTF-8"?>
<testsuites>
  <testsuite name="Project Test Suite" tests="5" assertions="5" errors="0" failures="3" skipped="0" time="6.249060">
    <testsuite name="App\Tests\ControllerTest" file="/home/dmg/Documents/Sonatel Academy/KGtranfert/tests/PartenaireControllerTest.php" tests="3" assertions="3" errors="0" failures="3" skipped="0" time="3.238540">
      <testcase name="testAjoutPartenaire" class="App\Tests\ControllerTest" classname="App.Tests.ControllerTest" file="/home/dmg/Documents/Sonatel Academy/KGtranfert/tests/PartenaireControllerTest.php" line="10" assertions="1" time="2.046996">
        <failure type="PHPUnit\Framework\ExpectationFailedException">App\Tests\ControllerTest::testAjoutPartenaire
Failed asserting that 500 is identical to 201.

/home/dmg/Documents/Sonatel Academy/KGtranfert/tests/PartenaireControllerTest.php:24
</failure>
      </testcase>
      <testcase name="testAjoutCompte" class="App\Tests\ControllerTest" classname="App.Tests.ControllerTest" file="/home/dmg/Documents/Sonatel Academy/KGtranfert/tests/PartenaireControllerTest.php" line="28" assertions="1" time="0.479764">
        <failure type="PHPUnit\Framework\ExpectationFailedException">App\Tests\ControllerTest::testAjoutCompte
Failed asserting that 500 is identical to 200.

/home/dmg/Documents/Sonatel Academy/KGtranfert/tests/PartenaireControllerTest.php:44
</failure>
      </testcase>
      <testcase name="testAjoutDepot" class="App\Tests\ControllerTest" classname="App.Tests.ControllerTest" file="/home/dmg/Documents/Sonatel Academy/KGtranfert/tests/PartenaireControllerTest.php" line="47" assertions="1" time="0.711780">
        <failure type="PHPUnit\Framework\ExpectationFailedException">App\Tests\ControllerTest::testAjoutDepot
Failed asserting that 500 is identical to 201.

/home/dmg/Documents/Sonatel Academy/KGtranfert/tests/PartenaireControllerTest.php:62
</failure>
      </testcase>
    </testsuite>
    <testsuite name="App\Tests\UtilisateurControllerTest" file="/home/dmg/Documents/Sonatel Academy/KGtranfert/tests/UtilisateurControllerTest.php" tests="2" assertions="2" errors="0" failures="0" skipped="0" time="3.010520">
      <testcase name="testNew" class="App\Tests\UtilisateurControllerTest" classname="App.Tests.UtilisateurControllerTest" file="/home/dmg/Documents/Sonatel Academy/KGtranfert/tests/UtilisateurControllerTest.php" line="9" assertions="1" time="1.392960"/>
      <testcase name="testNewadmin" class="App\Tests\UtilisateurControllerTest" classname="App.Tests.UtilisateurControllerTest" file="/home/dmg/Documents/Sonatel Academy/KGtranfert/tests/UtilisateurControllerTest.php" line="26" assertions="1" time="1.617560"/>
    </testsuite>
  </testsuite>
</testsuites>
